{"/Users/jorgeacosta/Documents/GitHub/ReactNativeWorkshop/Workshop/app/components/HeaderNumber/index.js": {"path":"/Users/jorgeacosta/Documents/GitHub/ReactNativeWorkshop/Workshop/app/components/HeaderNumber/index.js","statementMap":{"0":{"start":{"line":5,"column":21},"end":{"line":12,"column":1}},"1":{"start":{"line":6,"column":4},"end":{"line":11,"column":5}},"2":{"start":{"line":14,"column":15},"end":{"line":30,"column":4}}},"fnMap":{"0":{"name":"(anonymous_0)","decl":{"start":{"line":5,"column":21},"end":{"line":5,"column":22}},"loc":{"start":{"line":5,"column":64},"end":{"line":12,"column":1}},"line":5}},"branchMap":{"0":{"loc":{"start":{"line":5,"column":39},"end":{"line":5,"column":58}},"type":"default-arg","locations":[{"start":{"line":5,"column":53},"end":{"line":5,"column":58}}],"line":5},"1":{"loc":{"start":{"line":8,"column":51},"end":{"line":8,"column":81}},"type":"cond-expr","locations":[{"start":{"line":8,"column":75},"end":{"line":8,"column":77}},{"start":{"line":8,"column":80},"end":{"line":8,"column":81}}],"line":8},"2":{"loc":{"start":{"line":9,"column":63},"end":{"line":9,"column":94}},"type":"cond-expr","locations":[{"start":{"line":9,"column":87},"end":{"line":9,"column":89}},{"start":{"line":9,"column":92},"end":{"line":9,"column":94}}],"line":9}},"s":{"0":0,"1":0,"2":0},"f":{"0":0},"b":{"0":[0],"1":[0,0],"2":[0,0]}}
,"/Users/jorgeacosta/Documents/GitHub/ReactNativeWorkshop/Workshop/app/components/MainButton/index.js": {"path":"/Users/jorgeacosta/Documents/GitHub/ReactNativeWorkshop/Workshop/app/components/MainButton/index.js","statementMap":{"0":{"start":{"line":4,"column":19},"end":{"line":27,"column":1}},"1":{"start":{"line":6,"column":21},"end":{"line":12,"column":5}},"2":{"start":{"line":7,"column":8},"end":{"line":9,"column":9}},"3":{"start":{"line":8,"column":12},"end":{"line":8,"column":32}},"4":{"start":{"line":11,"column":8},"end":{"line":11,"column":17}},"5":{"start":{"line":14,"column":26},"end":{"line":20,"column":5}},"6":{"start":{"line":15,"column":8},"end":{"line":17,"column":9}},"7":{"start":{"line":16,"column":12},"end":{"line":16,"column":32}},"8":{"start":{"line":19,"column":8},"end":{"line":19,"column":17}},"9":{"start":{"line":22,"column":4},"end":{"line":26,"column":5}},"10":{"start":{"line":29,"column":15},"end":{"line":51,"column":2}}},"fnMap":{"0":{"name":"(anonymous_0)","decl":{"start":{"line":4,"column":19},"end":{"line":4,"column":20}},"loc":{"start":{"line":4,"column":58},"end":{"line":27,"column":1}},"line":4},"1":{"name":"(anonymous_1)","decl":{"start":{"line":6,"column":21},"end":{"line":6,"column":22}},"loc":{"start":{"line":6,"column":27},"end":{"line":12,"column":5}},"line":6},"2":{"name":"(anonymous_2)","decl":{"start":{"line":14,"column":26},"end":{"line":14,"column":27}},"loc":{"start":{"line":14,"column":32},"end":{"line":20,"column":5}},"line":14}},"branchMap":{"0":{"loc":{"start":{"line":4,"column":22},"end":{"line":4,"column":45}},"type":"default-arg","locations":[{"start":{"line":4,"column":36},"end":{"line":4,"column":45}}],"line":4},"1":{"loc":{"start":{"line":7,"column":8},"end":{"line":9,"column":9}},"type":"if","locations":[{"start":{"line":7,"column":8},"end":{"line":9,"column":9}},{"start":{"line":7,"column":8},"end":{"line":9,"column":9}}],"line":7},"2":{"loc":{"start":{"line":15,"column":8},"end":{"line":17,"column":9}},"type":"if","locations":[{"start":{"line":15,"column":8},"end":{"line":17,"column":9}},{"start":{"line":15,"column":8},"end":{"line":17,"column":9}}],"line":15}},"s":{"0":1,"1":3,"2":3,"3":1,"4":2,"5":3,"6":3,"7":1,"8":2,"9":3,"10":1},"f":{"0":3,"1":3,"2":3},"b":{"0":[1],"1":[1,2],"2":[1,2]},"_coverageSchema":"1a1c01bbd47fc00a2c39e90264f33305004495a9","hash":"795c770df483d043b6aa44fc0927e0ad95a7c8cc"}
,"/Users/jorgeacosta/Documents/GitHub/ReactNativeWorkshop/Workshop/app/screens/Example1Screen/index.js": {"path":"/Users/jorgeacosta/Documents/GitHub/ReactNativeWorkshop/Workshop/app/screens/Example1Screen/index.js","statementMap":{"0":{"start":{"line":6,"column":23},"end":{"line":20,"column":1}},"1":{"start":{"line":8,"column":21},"end":{"line":10,"column":5}},"2":{"start":{"line":9,"column":8},"end":{"line":9,"column":39}},"3":{"start":{"line":12,"column":4},"end":{"line":19,"column":5}}},"fnMap":{"0":{"name":"(anonymous_0)","decl":{"start":{"line":6,"column":23},"end":{"line":6,"column":24}},"loc":{"start":{"line":6,"column":50},"end":{"line":20,"column":1}},"line":6},"1":{"name":"(anonymous_1)","decl":{"start":{"line":8,"column":21},"end":{"line":8,"column":22}},"loc":{"start":{"line":8,"column":27},"end":{"line":10,"column":5}},"line":8}},"branchMap":{},"s":{"0":1,"1":2,"2":1,"3":2},"f":{"0":2,"1":1},"b":{},"_coverageSchema":"1a1c01bbd47fc00a2c39e90264f33305004495a9","hash":"236df937e7c2fbabc4dace897ee2dda3ba57cf15"}
,"/Users/jorgeacosta/Documents/GitHub/ReactNativeWorkshop/Workshop/app/screens/Example2Screen/index.js": {"path":"/Users/jorgeacosta/Documents/GitHub/ReactNativeWorkshop/Workshop/app/screens/Example2Screen/index.js","statementMap":{"0":{"start":{"line":5,"column":23},"end":{"line":21,"column":1}},"1":{"start":{"line":6,"column":4},"end":{"line":20,"column":5}},"2":{"start":{"line":10,"column":16},"end":{"line":10,"column":47}},"3":{"start":{"line":15,"column":16},"end":{"line":15,"column":32}}},"fnMap":{"0":{"name":"(anonymous_0)","decl":{"start":{"line":5,"column":23},"end":{"line":5,"column":24}},"loc":{"start":{"line":5,"column":43},"end":{"line":21,"column":1}},"line":5},"1":{"name":"(anonymous_1)","decl":{"start":{"line":9,"column":39},"end":{"line":9,"column":40}},"loc":{"start":{"line":9,"column":45},"end":{"line":11,"column":13}},"line":9},"2":{"name":"(anonymous_2)","decl":{"start":{"line":14,"column":39},"end":{"line":14,"column":40}},"loc":{"start":{"line":14,"column":45},"end":{"line":16,"column":13}},"line":14}},"branchMap":{},"s":{"0":0,"1":0,"2":0,"3":0},"f":{"0":0,"1":0,"2":0},"b":{}}
,"/Users/jorgeacosta/Documents/GitHub/ReactNativeWorkshop/Workshop/app/screens/Example3Screen/index.js": {"path":"/Users/jorgeacosta/Documents/GitHub/ReactNativeWorkshop/Workshop/app/screens/Example3Screen/index.js","statementMap":{"0":{"start":{"line":5,"column":23},"end":{"line":16,"column":1}},"1":{"start":{"line":6,"column":4},"end":{"line":15,"column":5}},"2":{"start":{"line":10,"column":16},"end":{"line":10,"column":43}}},"fnMap":{"0":{"name":"(anonymous_0)","decl":{"start":{"line":5,"column":23},"end":{"line":5,"column":24}},"loc":{"start":{"line":5,"column":43},"end":{"line":16,"column":1}},"line":5},"1":{"name":"(anonymous_1)","decl":{"start":{"line":9,"column":39},"end":{"line":9,"column":40}},"loc":{"start":{"line":9,"column":45},"end":{"line":11,"column":13}},"line":9}},"branchMap":{},"s":{"0":0,"1":0,"2":0},"f":{"0":0,"1":0},"b":{}}
,"/Users/jorgeacosta/Documents/GitHub/ReactNativeWorkshop/Workshop/app/screens/HomeScreen/index.js": {"path":"/Users/jorgeacosta/Documents/GitHub/ReactNativeWorkshop/Workshop/app/screens/HomeScreen/index.js","statementMap":{"0":{"start":{"line":14,"column":19},"end":{"line":67,"column":1}},"1":{"start":{"line":16,"column":2},"end":{"line":18,"column":8}},"2":{"start":{"line":17,"column":4},"end":{"line":17,"column":23}},"3":{"start":{"line":20,"column":2},"end":{"line":66,"column":4}},"4":{"start":{"line":70,"column":15},"end":{"line":102,"column":2}}},"fnMap":{"0":{"name":"(anonymous_0)","decl":{"start":{"line":14,"column":19},"end":{"line":14,"column":20}},"loc":{"start":{"line":14,"column":25},"end":{"line":67,"column":1}},"line":14},"1":{"name":"(anonymous_1)","decl":{"start":{"line":16,"column":12},"end":{"line":16,"column":13}},"loc":{"start":{"line":16,"column":18},"end":{"line":18,"column":3}},"line":16}},"branchMap":{},"s":{"0":0,"1":0,"2":0,"3":0,"4":0},"f":{"0":0,"1":0},"b":{}}
,"/Users/jorgeacosta/Documents/GitHub/ReactNativeWorkshop/Workshop/app/screens/ListDetailScreen/index.js": {"path":"/Users/jorgeacosta/Documents/GitHub/ReactNativeWorkshop/Workshop/app/screens/ListDetailScreen/index.js","statementMap":{"0":{"start":{"line":4,"column":25},"end":{"line":11,"column":1}},"1":{"start":{"line":5,"column":4},"end":{"line":10,"column":5}},"2":{"start":{"line":13,"column":15},"end":{"line":20,"column":2}}},"fnMap":{"0":{"name":"(anonymous_0)","decl":{"start":{"line":4,"column":25},"end":{"line":4,"column":26}},"loc":{"start":{"line":4,"column":40},"end":{"line":11,"column":1}},"line":4}},"branchMap":{},"s":{"0":0,"1":0,"2":0},"f":{"0":0},"b":{}}
,"/Users/jorgeacosta/Documents/GitHub/ReactNativeWorkshop/Workshop/app/screens/ListScreen/index.js": {"path":"/Users/jorgeacosta/Documents/GitHub/ReactNativeWorkshop/Workshop/app/screens/ListScreen/index.js","statementMap":{"0":{"start":{"line":4,"column":13},"end":{"line":54,"column":1}},"1":{"start":{"line":66,"column":20},"end":{"line":74,"column":2}},"2":{"start":{"line":67,"column":4},"end":{"line":73,"column":5}},"3":{"start":{"line":76,"column":19},"end":{"line":113,"column":1}},"4":{"start":{"line":79,"column":23},"end":{"line":87,"column":6}},"5":{"start":{"line":80,"column":8},"end":{"line":86,"column":9}},"6":{"start":{"line":82,"column":12},"end":{"line":82,"column":35}},"7":{"start":{"line":89,"column":4},"end":{"line":112,"column":5}},"8":{"start":{"line":94,"column":12},"end":{"line":94,"column":35}},"9":{"start":{"line":115,"column":15},"end":{"line":139,"column":2}}},"fnMap":{"0":{"name":"(anonymous_0)","decl":{"start":{"line":66,"column":20},"end":{"line":66,"column":21}},"loc":{"start":{"line":66,"column":40},"end":{"line":74,"column":2}},"line":66},"1":{"name":"(anonymous_1)","decl":{"start":{"line":76,"column":19},"end":{"line":76,"column":20}},"loc":{"start":{"line":76,"column":39},"end":{"line":113,"column":1}},"line":76},"2":{"name":"(anonymous_2)","decl":{"start":{"line":79,"column":23},"end":{"line":79,"column":24}},"loc":{"start":{"line":79,"column":43},"end":{"line":87,"column":6}},"line":79},"3":{"name":"(anonymous_3)","decl":{"start":{"line":81,"column":56},"end":{"line":81,"column":57}},"loc":{"start":{"line":81,"column":62},"end":{"line":83,"column":10}},"line":81},"4":{"name":"(anonymous_4)","decl":{"start":{"line":93,"column":44},"end":{"line":93,"column":45}},"loc":{"start":{"line":93,"column":50},"end":{"line":95,"column":10}},"line":93}},"branchMap":{},"s":{"0":0,"1":0,"2":0,"3":0,"4":0,"5":0,"6":0,"7":0,"8":0,"9":0},"f":{"0":0,"1":0,"2":0,"3":0,"4":0},"b":{}}
,"/Users/jorgeacosta/Documents/GitHub/ReactNativeWorkshop/Workshop/app/screens/Modal2Screen/index.js": {"path":"/Users/jorgeacosta/Documents/GitHub/ReactNativeWorkshop/Workshop/app/screens/Modal2Screen/index.js","statementMap":{"0":{"start":{"line":5,"column":21},"end":{"line":12,"column":1}},"1":{"start":{"line":6,"column":4},"end":{"line":11,"column":5}}},"fnMap":{"0":{"name":"(anonymous_0)","decl":{"start":{"line":5,"column":21},"end":{"line":5,"column":22}},"loc":{"start":{"line":5,"column":41},"end":{"line":12,"column":1}},"line":5}},"branchMap":{},"s":{"0":0,"1":0},"f":{"0":0},"b":{}}
,"/Users/jorgeacosta/Documents/GitHub/ReactNativeWorkshop/Workshop/app/screens/ModalScreen/index.js": {"path":"/Users/jorgeacosta/Documents/GitHub/ReactNativeWorkshop/Workshop/app/screens/ModalScreen/index.js","statementMap":{"0":{"start":{"line":5,"column":20},"end":{"line":16,"column":1}},"1":{"start":{"line":6,"column":4},"end":{"line":15,"column":5}},"2":{"start":{"line":10,"column":15},"end":{"line":10,"column":44}}},"fnMap":{"0":{"name":"(anonymous_0)","decl":{"start":{"line":5,"column":20},"end":{"line":5,"column":21}},"loc":{"start":{"line":5,"column":40},"end":{"line":16,"column":1}},"line":5},"1":{"name":"(anonymous_1)","decl":{"start":{"line":9,"column":38},"end":{"line":9,"column":39}},"loc":{"start":{"line":9,"column":44},"end":{"line":11,"column":12}},"line":9}},"branchMap":{},"s":{"0":0,"1":0,"2":0},"f":{"0":0,"1":0},"b":{}}
}
